AM/RockPaperScissors/app/build/intermediates/manifest_merge_blame_file/debug/manifest-merger-blame-debug-report.txt
1<?xml version="1.0" encoding="utf-8"?>
2<manifest xmlns:android="http://schemas.android.com/apk/res/android"
3    package="pt.isec.ans.rockpaperscissors"
4    android:versionCode="1"
5    android:versionName="1.0" >
6
7    <uses-sdk
8        android:minSdkVersion="15"
8-->src\main\AndroidManifest.xml
9        android:targetSdkVersion="28" />
9-->src\main\AndroidManifest.xml
10
11    <uses-permission android:name="android.permission.INTERNET" />
11-->src\main\AndroidManifest.xml:7:5-67
11-->src\main\AndroidManifest.xml:7:22-64
12    <uses-permission android:name="android.permission.ACCESS_NETWORK_STATE" />
12-->src\main\AndroidManifest.xml:8:5-79
12-->src\main\AndroidManifest.xml:8:22-76
13    <uses-permission android:name="android.permission.ACCESS_WIFI_STATE" />
13-->src\main\AndroidManifest.xml:9:5-76
13-->src\main\AndroidManifest.xml:9:22-73
14
15    <application
15-->src\main\AndroidManifest.xml:11:5-31:19
16        android:allowBackup="true"
16-->src\main\AndroidManifest.xml:12:9-35
17        android:debuggable="true"
18        android:icon="@drawable/ic_launcher"
18-->src\main\AndroidManifest.xml:13:9-45
19        android:label="@string/app_name"
19-->src\main\AndroidManifest.xml:14:9-41
20        android:testOnly="true"
21        android:theme="@style/AppTheme" >
21-->src\main\AndroidManifest.xml:15:9-40
22        <activity
22-->src\main\AndroidManifest.xml:16:9-25:20
23            android:name="pt.isec.ans.rockpaperscissors.MainActivity"
23-->src\main\AndroidManifest.xml:17:13-70
24            android:label="@string/app_name"
24-->src\main\AndroidManifest.xml:18:13-45
25            android:screenOrientation="portrait" >
25-->src\main\AndroidManifest.xml:19:13-49
26            <intent-filter>
26-->src\main\AndroidManifest.xml:20:13-24:29
27                <action android:name="android.intent.action.MAIN" />
27-->src\main\AndroidManifest.xml:21:17-69
27-->src\main\AndroidManifest.xml:21:25-66
28
29                <category android:name="android.intent.category.LAUNCHER" />
29-->src\main\AndroidManifest.xml:23:17-77
29-->src\main\AndroidManifest.xml:23:27-74
30            </intent-filter>
31        </activity>
32        <activity
32-->src\main\AndroidManifest.xml:26:9-30:20
33            android:name="pt.isec.ans.rockpaperscissors.GameActivity"
33-->src\main\AndroidManifest.xml:27:13-41
34            android:label="@string/title_game_activity"
34-->src\main\AndroidManifest.xml:28:13-56
35            android:screenOrientation="portrait" >
35-->src\main\AndroidManifest.xml:29:13-49
36        </activity>
37    </application>
38
39</manifest>